Warning: QT_DEVICE_PIXEL_RATIO is deprecated. Instead use:
   QT_AUTO_SCREEN_SCALE_FACTOR to enable platform plugin controlled per-screen factors.
   QT_SCREEN_SCALE_FACTORS to set per-screen DPI.
   QT_SCALE_FACTOR to set the application global scale factor.
Warning: QT_DEVICE_PIXEL_RATIO is deprecated. Instead use:
   QT_AUTO_SCREEN_SCALE_FACTOR to enable platform plugin controlled per-screen factors.
   QT_SCREEN_SCALE_FACTORS to set per-screen DPI.
   QT_SCALE_FACTOR to set the application global scale factor.
Warning: QT_DEVICE_PIXEL_RATIO is deprecated. Instead use:
   QT_AUTO_SCREEN_SCALE_FACTOR to enable platform plugin controlled per-screen factors.
   QT_SCREEN_SCALE_FACTORS to set per-screen DPI.
   QT_SCALE_FACTOR to set the application global scale factor.
Warning: QT_DEVICE_PIXEL_RATIO is deprecated. Instead use:
   QT_AUTO_SCREEN_SCALE_FACTOR to enable platform plugin controlled per-screen factors.
   QT_SCREEN_SCALE_FACTORS to set per-screen DPI.
   QT_SCALE_FACTOR to set the application global scale factor.
Warning: QT_DEVICE_PIXEL_RATIO is deprecated. Instead use:
   QT_AUTO_SCREEN_SCALE_FACTOR to enable platform plugin controlled per-screen factors.
   QT_SCREEN_SCALE_FACTORS to set per-screen DPI.
   QT_SCALE_FACTOR to set the application global scale factor.
Warning: QT_DEVICE_PIXEL_RATIO is deprecated. Instead use:
   QT_AUTO_SCREEN_SCALE_FACTOR to enable platform plugin controlled per-screen factors.
   QT_SCREEN_SCALE_FACTORS to set per-screen DPI.
   QT_SCALE_FACTOR to set the application global scale factor.
Warning: QT_DEVICE_PIXEL_RATIO is deprecated. Instead use:
   QT_AUTO_SCREEN_SCALE_FACTOR to enable platform plugin controlled per-screen factors.
   QT_SCREEN_SCALE_FACTORS to set per-screen DPI.
   QT_SCALE_FACTOR to set the application global scale factor.
Warning: QT_DEVICE_PIXEL_RATIO is deprecated. Instead use:
   QT_AUTO_SCREEN_SCALE_FACTOR to enable platform plugin controlled per-screen factors.
   QT_SCREEN_SCALE_FACTORS to set per-screen DPI.
   QT_SCALE_FACTOR to set the application global scale factor.
Warning: QT_DEVICE_PIXEL_RATIO is deprecated. Instead use:
   QT_AUTO_SCREEN_SCALE_FACTOR to enable platform plugin controlled per-screen factors.
   QT_SCREEN_SCALE_FACTORS to set per-screen DPI.
   QT_SCALE_FACTOR to set the application global scale factor.
Warning: QT_DEVICE_PIXEL_RATIO is deprecated. Instead use:
   QT_AUTO_SCREEN_SCALE_FACTOR to enable platform plugin controlled per-screen factors.
   QT_SCREEN_SCALE_FACTORS to set per-screen DPI.
   QT_SCALE_FACTOR to set the application global scale factor.
Warning: QT_DEVICE_PIXEL_RATIO is deprecated. Instead use:
   QT_AUTO_SCREEN_SCALE_FACTOR to enable platform plugin controlled per-screen factors.
   QT_SCREEN_SCALE_FACTORS to set per-screen DPI.
   QT_SCALE_FACTOR to set the application global scale factor.
qt.qpa.xcb: QXcbConnection: XCB error: 3 (BadWindow), sequence: 4194, resource id: 19136424, major code: 40 (TranslateCoords), minor code: 0
Warning: QT_DEVICE_PIXEL_RATIO is deprecated. Instead use:
   QT_AUTO_SCREEN_SCALE_FACTOR to enable platform plugin controlled per-screen factors.
   QT_SCREEN_SCALE_FACTORS to set per-screen DPI.
   QT_SCALE_FACTOR to set the application global scale factor.
Warning: QT_DEVICE_PIXEL_RATIO is deprecated. Instead use:
   QT_AUTO_SCREEN_SCALE_FACTOR to enable platform plugin controlled per-screen factors.
   QT_SCREEN_SCALE_FACTORS to set per-screen DPI.
   QT_SCALE_FACTOR to set the application global scale factor.
qt.qpa.xcb: QXcbConnection: XCB error: 3 (BadWindow), sequence: 2948, resource id: 19089501, major code: 40 (TranslateCoords), minor code: 0
qt.qpa.xcb: QXcbConnection: XCB error: 3 (BadWindow), sequence: 5112, resource id: 19090341, major code: 40 (TranslateCoords), minor code: 0
Warning: QT_DEVICE_PIXEL_RATIO is deprecated. Instead use:
   QT_AUTO_SCREEN_SCALE_FACTOR to enable platform plugin controlled per-screen factors.
   QT_SCREEN_SCALE_FACTORS to set per-screen DPI.
   QT_SCALE_FACTOR to set the application global scale factor.
Warning: QT_DEVICE_PIXEL_RATIO is deprecated. Instead use:
   QT_AUTO_SCREEN_SCALE_FACTOR to enable platform plugin controlled per-screen factors.
   QT_SCREEN_SCALE_FACTORS to set per-screen DPI.
   QT_SCALE_FACTOR to set the application global scale factor.
QXcbClipboard: SelectionRequest too old
QXcbClipboard: SelectionRequest too old
QXcbClipboard: SelectionRequest too old
QXcbClipboard: SelectionRequest too old
Warning: QT_DEVICE_PIXEL_RATIO is deprecated. Instead use:
   QT_AUTO_SCREEN_SCALE_FACTOR to enable platform plugin controlled per-screen factors.
   QT_SCREEN_SCALE_FACTORS to set per-screen DPI.
   QT_SCALE_FACTOR to set the application global scale factor.
Warning: QT_DEVICE_PIXEL_RATIO is deprecated. Instead use:
   QT_AUTO_SCREEN_SCALE_FACTOR to enable platform plugin controlled per-screen factors.
   QT_SCREEN_SCALE_FACTORS to set per-screen DPI.
   QT_SCALE_FACTOR to set the application global scale factor.
Warning: QT_DEVICE_PIXEL_RATIO is deprecated. Instead use:
   QT_AUTO_SCREEN_SCALE_FACTOR to enable platform plugin controlled per-screen factors.
   QT_SCREEN_SCALE_FACTORS to set per-screen DPI.
   QT_SCALE_FACTOR to set the application global scale factor.
Warning: QT_DEVICE_PIXEL_RATIO is deprecated. Instead use:
   QT_AUTO_SCREEN_SCALE_FACTOR to enable platform plugin controlled per-screen factors.
   QT_SCREEN_SCALE_FACTORS to set per-screen DPI.
   QT_SCALE_FACTOR to set the application global scale factor.
qt.qpa.xcb: QXcbConnection: XCB error: 3 (BadWindow), sequence: 4593, resource id: 19637322, major code: 40 (TranslateCoords), minor code: 0
Warning: QT_DEVICE_PIXEL_RATIO is deprecated. Instead use:
   QT_AUTO_SCREEN_SCALE_FACTOR to enable platform plugin controlled per-screen factors.
   QT_SCREEN_SCALE_FACTORS to set per-screen DPI.
   QT_SCALE_FACTOR to set the application global scale factor.
Warning: QT_DEVICE_PIXEL_RATIO is deprecated. Instead use:
   QT_AUTO_SCREEN_SCALE_FACTOR to enable platform plugin controlled per-screen factors.
   QT_SCREEN_SCALE_FACTORS to set per-screen DPI.
   QT_SCALE_FACTOR to set the application global scale factor.
Warning: QT_DEVICE_PIXEL_RATIO is deprecated. Instead use:
   QT_AUTO_SCREEN_SCALE_FACTOR to enable platform plugin controlled per-screen factors.
   QT_SCREEN_SCALE_FACTORS to set per-screen DPI.
   QT_SCALE_FACTOR to set the application global scale factor.
Warning: QT_DEVICE_PIXEL_RATIO is deprecated. Instead use:
   QT_AUTO_SCREEN_SCALE_FACTOR to enable platform plugin controlled per-screen factors.
   QT_SCREEN_SCALE_FACTORS to set per-screen DPI.
   QT_SCALE_FACTOR to set the application global scale factor.
Warning: QT_DEVICE_PIXEL_RATIO is deprecated. Instead use:
   QT_AUTO_SCREEN_SCALE_FACTOR to enable platform plugin controlled per-screen factors.
   QT_SCREEN_SCALE_FACTORS to set per-screen DPI.
   QT_SCALE_FACTOR to set the application global scale factor.
Warning: QT_DEVICE_PIXEL_RATIO is deprecated. Instead use:
   QT_AUTO_SCREEN_SCALE_FACTOR to enable platform plugin controlled per-screen factors.
   QT_SCREEN_SCALE_FACTORS to set per-screen DPI.
   QT_SCALE_FACTOR to set the application global scale factor.
Warning: QT_DEVICE_PIXEL_RATIO is deprecated. Instead use:
   QT_AUTO_SCREEN_SCALE_FACTOR to enable platform plugin controlled per-screen factors.
   QT_SCREEN_SCALE_FACTORS to set per-screen DPI.
   QT_SCALE_FACTOR to set the application global scale factor.
Warning: QT_DEVICE_PIXEL_RATIO is deprecated. Instead use:
   QT_AUTO_SCREEN_SCALE_FACTOR to enable platform plugin controlled per-screen factors.
   QT_SCREEN_SCALE_FACTORS to set per-screen DPI.
   QT_SCALE_FACTOR to set the application global scale factor.
Warning: QT_DEVICE_PIXEL_RATIO is deprecated. Instead use:
   QT_AUTO_SCREEN_SCALE_FACTOR to enable platform plugin controlled per-screen factors.
   QT_SCREEN_SCALE_FACTORS to set per-screen DPI.
   QT_SCALE_FACTOR to set the application global scale factor.
Warning: QT_DEVICE_PIXEL_RATIO is deprecated. Instead use:
   QT_AUTO_SCREEN_SCALE_FACTOR to enable platform plugin controlled per-screen factors.
   QT_SCREEN_SCALE_FACTORS to set per-screen DPI.
   QT_SCALE_FACTOR to set the application global scale factor.
Warning: QT_DEVICE_PIXEL_RATIO is deprecated. Instead use:
   QT_AUTO_SCREEN_SCALE_FACTOR to enable platform plugin controlled per-screen factors.
   QT_SCREEN_SCALE_FACTORS to set per-screen DPI.
   QT_SCALE_FACTOR to set the application global scale factor.
Warning: QT_DEVICE_PIXEL_RATIO is deprecated. Instead use:
   QT_AUTO_SCREEN_SCALE_FACTOR to enable platform plugin controlled per-screen factors.
   QT_SCREEN_SCALE_FACTORS to set per-screen DPI.
   QT_SCALE_FACTOR to set the application global scale factor.
Warning: QT_DEVICE_PIXEL_RATIO is deprecated. Instead use:
   QT_AUTO_SCREEN_SCALE_FACTOR to enable platform plugin controlled per-screen factors.
   QT_SCREEN_SCALE_FACTORS to set per-screen DPI.
   QT_SCALE_FACTOR to set the application global scale factor.
Warning: QT_DEVICE_PIXEL_RATIO is deprecated. Instead use:
   QT_AUTO_SCREEN_SCALE_FACTOR to enable platform plugin controlled per-screen factors.
   QT_SCREEN_SCALE_FACTORS to set per-screen DPI.
   QT_SCALE_FACTOR to set the application global scale factor.
Warning: QT_DEVICE_PIXEL_RATIO is deprecated. Instead use:
   QT_AUTO_SCREEN_SCALE_FACTOR to enable platform plugin controlled per-screen factors.
   QT_SCREEN_SCALE_FACTORS to set per-screen DPI.
   QT_SCALE_FACTOR to set the application global scale factor.
Warning: QT_DEVICE_PIXEL_RATIO is deprecated. Instead use:
   QT_AUTO_SCREEN_SCALE_FACTOR to enable platform plugin controlled per-screen factors.
   QT_SCREEN_SCALE_FACTORS to set per-screen DPI.
   QT_SCALE_FACTOR to set the application global scale factor.
Warning: QT_DEVICE_PIXEL_RATIO is deprecated. Instead use:
   QT_AUTO_SCREEN_SCALE_FACTOR to enable platform plugin controlled per-screen factors.
   QT_SCREEN_SCALE_FACTORS to set per-screen DPI.
   QT_SCALE_FACTOR to set the application global scale factor.
Warning: QT_DEVICE_PIXEL_RATIO is deprecated. Instead use:
   QT_AUTO_SCREEN_SCALE_FACTOR to enable platform plugin controlled per-screen factors.
   QT_SCREEN_SCALE_FACTORS to set per-screen DPI.
   QT_SCALE_FACTOR to set the application global scale factor.
Warning: QT_DEVICE_PIXEL_RATIO is deprecated. Instead use:
   QT_AUTO_SCREEN_SCALE_FACTOR to enable platform plugin controlled per-screen factors.
   QT_SCREEN_SCALE_FACTORS to set per-screen DPI.
   QT_SCALE_FACTOR to set the application global scale factor.
Warning: QT_DEVICE_PIXEL_RATIO is deprecated. Instead use:
   QT_AUTO_SCREEN_SCALE_FACTOR to enable platform plugin controlled per-screen factors.
   QT_SCREEN_SCALE_FACTORS to set per-screen DPI.
   QT_SCALE_FACTOR to set the application global scale factor.
Warning: QT_DEVICE_PIXEL_RATIO is deprecated. Instead use:
   QT_AUTO_SCREEN_SCALE_FACTOR to enable platform plugin controlled per-screen factors.
   QT_SCREEN_SCALE_FACTORS to set per-screen DPI.
   QT_SCALE_FACTOR to set the application global scale factor.
Warning: QT_DEVICE_PIXEL_RATIO is deprecated. Instead use:
   QT_AUTO_SCREEN_SCALE_FACTOR to enable platform plugin controlled per-screen factors.
   QT_SCREEN_SCALE_FACTORS to set per-screen DPI.
   QT_SCALE_FACTOR to set the application global scale factor.
Warning: QT_DEVICE_PIXEL_RATIO is deprecated. Instead use:
   QT_AUTO_SCREEN_SCALE_FACTOR to enable platform plugin controlled per-screen factors.
   QT_SCREEN_SCALE_FACTORS to set per-screen DPI.
   QT_SCALE_FACTOR to set the application global scale factor.
Warning: QT_DEVICE_PIXEL_RATIO is deprecated. Instead use:
   QT_AUTO_SCREEN_SCALE_FACTOR to enable platform plugin controlled per-screen factors.
   QT_SCREEN_SCALE_FACTORS to set per-screen DPI.
   QT_SCALE_FACTOR to set the application global scale factor.
Warning: QT_DEVICE_PIXEL_RATIO is deprecated. Instead use:
   QT_AUTO_SCREEN_SCALE_FACTOR to enable platform plugin controlled per-screen factors.
   QT_SCREEN_SCALE_FACTORS to set per-screen DPI.
   QT_SCALE_FACTOR to set the application global scale factor.
Warning: QT_DEVICE_PIXEL_RATIO is deprecated. Instead use:
   QT_AUTO_SCREEN_SCALE_FACTOR to enable platform plugin controlled per-screen factors.
   QT_SCREEN_SCALE_FACTORS to set per-screen DPI.
   QT_SCALE_FACTOR to set the application global scale factor.
Warning: QT_DEVICE_PIXEL_RATIO is deprecated. Instead use:
   QT_AUTO_SCREEN_SCALE_FACTOR to enable platform plugin controlled per-screen factors.
   QT_SCREEN_SCALE_FACTORS to set per-screen DPI.
   QT_SCALE_FACTOR to set the application global scale factor.
Warning: QT_DEVICE_PIXEL_RATIO is deprecated. Instead use:
   QT_AUTO_SCREEN_SCALE_FACTOR to enable platform plugin controlled per-screen factors.
   QT_SCREEN_SCALE_FACTORS to set per-screen DPI.
   QT_SCALE_FACTOR to set the application global scale factor.
Warning: QT_DEVICE_PIXEL_RATIO is deprecated. Instead use:
   QT_AUTO_SCREEN_SCALE_FACTOR to enable platform plugin controlled per-screen factors.
   QT_SCREEN_SCALE_FACTORS to set per-screen DPI.
   QT_SCALE_FACTOR to set the application global scale factor.
Warning: QT_DEVICE_PIXEL_RATIO is deprecated. Instead use:
   QT_AUTO_SCREEN_SCALE_FACTOR to enable platform plugin controlled per-screen factors.
   QT_SCREEN_SCALE_FACTORS to set per-screen DPI.
   QT_SCALE_FACTOR to set the application global scale factor.
